This file contains any messages produced by compilers while
running configure, to aid debugging if configure makes a mistake.

It was created by chan_dongle configure 1.1, which was
generated by GNU Autoconf 2.69.  Invocation command line was

  $ ./configure 

## --------- ##
## Platform. ##
## --------- ##

hostname = pbx
uname -m = i686
uname -r = 3.13.0-49-generic
uname -s = Linux
uname -v = #83-Ubuntu SMP Fri Apr 10 20:14:51 UTC 2015

/usr/bin/uname -p = unknown
/bin/uname -X     = unknown

/bin/arch              = unknown
/usr/bin/arch -k       = unknown
/usr/convex/getsysinfo = unknown
/usr/bin/hostinfo      = unknown
/bin/machine           = unknown
/usr/bin/oslevel       = unknown
/bin/universe          = unknown

PATH: /usr/local/sbin
PATH: /usr/local/bin
PATH: /usr/sbin
PATH: /usr/bin
PATH: /sbin
PATH: /bin


## ----------- ##
## Core tests. ##
## ----------- ##

configure:2322: checking build system type
configure:2336: result: i686-pc-linux-gnu
configure:2356: checking host system type
configure:2369: result: i686-pc-linux-gnu
configure:2389: checking target system type
configure:2402: result: i686-pc-linux-gnu
configure:2444: checking for a BSD-compatible install
configure:2512: result: /usr/bin/install -c
configure:2523: checking whether build environment is sane
configure:2578: result: yes
configure:2729: checking for a thread-safe mkdir -p
configure:2768: result: /bin/mkdir -p
configure:2775: checking for gawk
configure:2805: result: no
configure:2775: checking for mawk
configure:2791: found /usr/bin/mawk
configure:2802: result: mawk
configure:2813: checking whether make sets $(MAKE)
configure:2835: result: yes
configure:2864: checking whether make supports nested variables
configure:2881: result: yes
configure:3106: checking for gcc
configure:3122: found /usr/bin/gcc
configure:3133: result: gcc
configure:3164: checking for C compiler version
configure:3173: gcc --version >&5
gcc (Ubuntu 4.8.2-19ubuntu1) 4.8.2
Copyright (C) 2013 Free Software Foundation, Inc.
This is free software; see the source for copying conditions.  There is NO
warranty; not even for MERCHANTABILITY or FITNESS FOR A PARTICULAR PURPOSE.

configure:3184: $? = 0
configure:3173: gcc -v >&5
Using built-in specs.
COLLECT_GCC=gcc
COLLECT_LTO_WRAPPER=/usr/lib/gcc/i686-linux-gnu/4.8/lto-wrapper
Target: i686-linux-gnu
Configured with: ../src/configure -v --with-pkgversion='Ubuntu 4.8.2-19ubuntu1' --with-bugurl=file:///usr/share/doc/gcc-4.8/README.Bugs --enable-languages=c,c++,java,go,d,fortran,objc,obj-c++ --prefix=/usr --program-suffix=-4.8 --enable-shared --enable-linker-build-id --libexecdir=/usr/lib --without-included-gettext --enable-threads=posix --with-gxx-include-dir=/usr/include/c++/4.8 --libdir=/usr/lib --enable-nls --with-sysroot=/ --enable-clocale=gnu --enable-libstdcxx-debug --enable-libstdcxx-time=yes --enable-gnu-unique-object --disable-libmudflap --enable-plugin --with-system-zlib --disable-browser-plugin --enable-java-awt=gtk --enable-gtk-cairo --with-java-home=/usr/lib/jvm/java-1.5.0-gcj-4.8-i386/jre --enable-java-home --with-jvm-root-dir=/usr/lib/jvm/java-1.5.0-gcj-4.8-i386 --with-jvm-jar-dir=/usr/lib/jvm-exports/java-1.5.0-gcj-4.8-i386 --with-arch-directory=i386 --with-ecj-jar=/usr/share/java/eclipse-ecj.jar --enable-objc-gc --enable-targets=all --enable-multiarch --disable-werror --with-arch-32=i686 --with-multilib-list=m32,m64,mx32 --with-tune=generic --enable-checking=release --build=i686-linux-gnu --host=i686-linux-gnu --target=i686-linux-gnu
Thread model: posix
gcc version 4.8.2 (Ubuntu 4.8.2-19ubuntu1) 
configure:3184: $? = 0
configure:3173: gcc -V >&5
gcc: error: unrecognized command line option '-V'
gcc: fatal error: no input files
compilation terminated.
configure:3184: $? = 4
configure:3173: gcc -qversion >&5
gcc: error: unrecognized command line option '-qversion'
gcc: fatal error: no input files
compilation terminated.
configure:3184: $? = 4
configure:3204: checking whether the C compiler works
configure:3226: gcc   -D_GNU_SOURCE  conftest.c  >&5
configure:3230: $? = 0
configure:3278: result: yes
configure:3281: checking for C compiler default output file name
configure:3283: result: a.out
configure:3289: checking for suffix of executables
configure:3296: gcc -o conftest   -D_GNU_SOURCE  conftest.c  >&5
configure:3300: $? = 0
configure:3322: result: 
configure:3344: checking whether we are cross compiling
configure:3352: gcc -o conftest   -D_GNU_SOURCE  conftest.c  >&5
configure:3356: $? = 0
configure:3363: ./conftest
configure:3367: $? = 0
configure:3382: result: no
configure:3387: checking for suffix of object files
configure:3409: gcc -c   -D_GNU_SOURCE conftest.c >&5
configure:3413: $? = 0
configure:3434: result: o
configure:3438: checking whether we are using the GNU C compiler
configure:3457: gcc -c   -D_GNU_SOURCE conftest.c >&5
configure:3457: $? = 0
configure:3466: result: yes
configure:3475: checking whether gcc accepts -g
configure:3495: gcc -c -g  -D_GNU_SOURCE conftest.c >&5
configure:3495: $? = 0
configure:3536: result: yes
configure:3553: checking for gcc option to accept ISO C89
configure:3616: gcc  -c -g -O2  -D_GNU_SOURCE conftest.c >&5
configure:3616: $? = 0
configure:3629: result: none needed
configure:3654: checking whether gcc understands -c and -o together
configure:3676: gcc -c conftest.c -o conftest2.o
configure:3679: $? = 0
configure:3676: gcc -c conftest.c -o conftest2.o
configure:3679: $? = 0
configure:3691: result: yes
configure:3719: checking for style of include used by make
configure:3747: result: GNU
configure:3773: checking dependency style of gcc
configure:3884: result: none
configure:3904: checking how to run the C preprocessor
configure:3935: gcc -E  -D_GNU_SOURCE conftest.c
configure:3935: $? = 0
configure:3949: gcc -E  -D_GNU_SOURCE conftest.c
conftest.c:11:28: fatal error: ac_nonexistent.h: No such file or directory
 #include <ac_nonexistent.h>
                            ^
compilation terminated.
configure:3949: $? = 1
configure: failed program was:
| /* confdefs.h */
| #define PACKAGE_NAME "chan_dongle"
| #define PACKAGE_TARNAME "chan_dongle"
| #define PACKAGE_VERSION "1.1"
| #define PACKAGE_STRING "chan_dongle 1.1"
| #define PACKAGE_BUGREPORT "http://code.google.com/p/asterisk-chan-dongle/issues/list"
| #define PACKAGE_URL "http://code.google.com/p/asterisk-chan-dongle"
| #define PACKAGE "chan_dongle"
| #define VERSION "1.1"
| /* end confdefs.h.  */
| #include <ac_nonexistent.h>
configure:3974: result: gcc -E
configure:3994: gcc -E  -D_GNU_SOURCE conftest.c
configure:3994: $? = 0
configure:4008: gcc -E  -D_GNU_SOURCE conftest.c
conftest.c:11:28: fatal error: ac_nonexistent.h: No such file or directory
 #include <ac_nonexistent.h>
                            ^
compilation terminated.
configure:4008: $? = 1
configure: failed program was:
| /* confdefs.h */
| #define PACKAGE_NAME "chan_dongle"
| #define PACKAGE_TARNAME "chan_dongle"
| #define PACKAGE_VERSION "1.1"
| #define PACKAGE_STRING "chan_dongle 1.1"
| #define PACKAGE_BUGREPORT "http://code.google.com/p/asterisk-chan-dongle/issues/list"
| #define PACKAGE_URL "http://code.google.com/p/asterisk-chan-dongle"
| #define PACKAGE "chan_dongle"
| #define VERSION "1.1"
| /* end confdefs.h.  */
| #include <ac_nonexistent.h>
configure:4040: checking for strip
configure:4056: found /usr/bin/strip
configure:4067: result: strip
configure:4080: checking for rm
configure:4096: found /bin/rm
configure:4107: result: rm
configure:4120: checking for library containing iconv
configure:4151: gcc -o conftest -g -O2  -D_GNU_SOURCE  conftest.c  >&5
configure:4151: $? = 0
configure:4168: result: none required
configure:4178: checking for grep that handles long lines and -e
configure:4236: result: /bin/grep
configure:4241: checking for egrep
configure:4303: result: /bin/grep -E
configure:4308: checking for ANSI C header files
configure:4328: gcc -c -g -O2  -D_GNU_SOURCE conftest.c >&5
configure:4328: $? = 0
configure:4401: gcc -o conftest -g -O2  -D_GNU_SOURCE  conftest.c  >&5
configure:4401: $? = 0
configure:4401: ./conftest
configure:4401: $? = 0
configure:4412: result: yes
configure:4425: checking for sys/types.h
configure:4425: gcc -c -g -O2  -D_GNU_SOURCE conftest.c >&5
configure:4425: $? = 0
configure:4425: result: yes
configure:4425: checking for sys/stat.h
configure:4425: gcc -c -g -O2  -D_GNU_SOURCE conftest.c >&5
configure:4425: $? = 0
configure:4425: result: yes
configure:4425: checking for stdlib.h
configure:4425: gcc -c -g -O2  -D_GNU_SOURCE conftest.c >&5
configure:4425: $? = 0
configure:4425: result: yes
configure:4425: checking for string.h
configure:4425: gcc -c -g -O2  -D_GNU_SOURCE conftest.c >&5
configure:4425: $? = 0
configure:4425: result: yes
configure:4425: checking for memory.h
configure:4425: gcc -c -g -O2  -D_GNU_SOURCE conftest.c >&5
configure:4425: $? = 0
configure:4425: result: yes
configure:4425: checking for strings.h
configure:4425: gcc -c -g -O2  -D_GNU_SOURCE conftest.c >&5
configure:4425: $? = 0
configure:4425: result: yes
configure:4425: checking for inttypes.h
configure:4425: gcc -c -g -O2  -D_GNU_SOURCE conftest.c >&5
configure:4425: $? = 0
configure:4425: result: yes
configure:4425: checking for stdint.h
configure:4425: gcc -c -g -O2  -D_GNU_SOURCE conftest.c >&5
configure:4425: $? = 0
configure:4425: result: yes
configure:4425: checking for unistd.h
configure:4425: gcc -c -g -O2  -D_GNU_SOURCE conftest.c >&5
configure:4425: $? = 0
configure:4425: result: yes
configure:4440: checking fcntl.h usability
configure:4440: gcc -c -g -O2  -D_GNU_SOURCE conftest.c >&5
configure:4440: $? = 0
configure:4440: result: yes
configure:4440: checking fcntl.h presence
configure:4440: gcc -E  -D_GNU_SOURCE conftest.c
configure:4440: $? = 0
configure:4440: result: yes
configure:4440: checking for fcntl.h
configure:4440: result: yes
configure:4440: checking for stdlib.h
configure:4440: result: yes
configure:4440: checking for string.h
configure:4440: result: yes
configure:4440: checking sys/time.h usability
configure:4440: gcc -c -g -O2  -D_GNU_SOURCE conftest.c >&5
configure:4440: $? = 0
configure:4440: result: yes
configure:4440: checking sys/time.h presence
configure:4440: gcc -E  -D_GNU_SOURCE conftest.c
configure:4440: $? = 0
configure:4440: result: yes
configure:4440: checking for sys/time.h
configure:4440: result: yes
configure:4440: checking termios.h usability
configure:4440: gcc -c -g -O2  -D_GNU_SOURCE conftest.c >&5
configure:4440: $? = 0
configure:4440: result: yes
configure:4440: checking termios.h presence
configure:4440: gcc -E  -D_GNU_SOURCE conftest.c
configure:4440: $? = 0
configure:4440: result: yes
configure:4440: checking for termios.h
configure:4440: result: yes
configure:4455: checking whether asterisk.h in ../include
configure:4471: result: no
configure:4455: checking whether asterisk.h in /usr/include
configure:4460: result: yes
configure:4463: checking asterisk.h usability
configure:4463: gcc -c -g -O2  -D_GNU_SOURCE -I/usr/include conftest.c >&5
configure:4463: $? = 0
configure:4463: result: yes
configure:4463: checking asterisk.h presence
configure:4463: gcc -E  -D_GNU_SOURCE -I/usr/include conftest.c
configure:4463: $? = 0
configure:4463: result: yes
configure:4463: checking for asterisk.h
configure:4463: result: yes
configure:4483: checking whether iconv.h in /usr/include
configure:4488: result: yes
configure:4491: checking iconv.h usability
configure:4491: gcc -c -g -O2  -D_GNU_SOURCE -I/usr/include -I/usr/include conftest.c >&5
configure:4491: $? = 0
configure:4491: result: yes
configure:4491: checking iconv.h presence
configure:4491: gcc -E  -D_GNU_SOURCE -I/usr/include -I/usr/include conftest.c
configure:4491: $? = 0
configure:4491: result: yes
configure:4491: checking for iconv.h
configure:4491: result: yes
configure:4512: checking for iconv use const inbuf
configure:4528: result: no
configure:4535: checking for iconv_t in iconv.h
configure:4547: result: yes
configure:4563: checking for AST_CONTROL_SRCCHANGE in asterisk/frame.h
configure:4576: result: yes
configure:4589: checking for an ANSI C-conforming const
configure:4655: gcc -c -g -O2  -D_GNU_SOURCE -I/usr/include -I/usr/include conftest.c >&5
configure:4655: $? = 0
configure:4662: result: yes
configure:4670: checking for inline
configure:4686: gcc -c -g -O2  -D_GNU_SOURCE -I/usr/include -I/usr/include conftest.c >&5
configure:4686: $? = 0
configure:4694: result: inline
configure:4712: checking for size_t
configure:4712: gcc -c -g -O2  -D_GNU_SOURCE -I/usr/include -I/usr/include conftest.c >&5
configure:4712: $? = 0
configure:4712: gcc -c -g -O2  -D_GNU_SOURCE -I/usr/include -I/usr/include conftest.c >&5
conftest.c: In function 'main':
conftest.c:65:21: error: expected expression before ')' token
 if (sizeof ((size_t)))
                     ^
configure:4712: $? = 1
configure: failed program was:
| /* confdefs.h */
| #define PACKAGE_NAME "chan_dongle"
| #define PACKAGE_TARNAME "chan_dongle"
| #define PACKAGE_VERSION "1.1"
| #define PACKAGE_STRING "chan_dongle 1.1"
| #define PACKAGE_BUGREPORT "http://code.google.com/p/asterisk-chan-dongle/issues/list"
| #define PACKAGE_URL "http://code.google.com/p/asterisk-chan-dongle"
| #define PACKAGE "chan_dongle"
| #define VERSION "1.1"
| #define STDC_HEADERS 1
| #define HAVE_SYS_TYPES_H 1
| #define HAVE_SYS_STAT_H 1
| #define HAVE_STDLIB_H 1
| #define HAVE_STRING_H 1
| #define HAVE_MEMORY_H 1
| #define HAVE_STRINGS_H 1
| #define HAVE_INTTYPES_H 1
| #define HAVE_STDINT_H 1
| #define HAVE_UNISTD_H 1
| #define HAVE_FCNTL_H 1
| #define HAVE_STDLIB_H 1
| #define HAVE_STRING_H 1
| #define HAVE_SYS_TIME_H 1
| #define HAVE_TERMIOS_H 1
| #define ICONV_CONST /**/
| #define ICONV_T iconv_t
| #define HAVE_AST_CONTROL_SRCCHANGE /**/
| /* end confdefs.h.  */
| #include <stdio.h>
| #ifdef HAVE_SYS_TYPES_H
| # include <sys/types.h>
| #endif
| #ifdef HAVE_SYS_STAT_H
| # include <sys/stat.h>
| #endif
| #ifdef STDC_HEADERS
| # include <stdlib.h>
| # include <stddef.h>
| #else
| # ifdef HAVE_STDLIB_H
| #  include <stdlib.h>
| # endif
| #endif
| #ifdef HAVE_STRING_H
| # if !defined STDC_HEADERS && defined HAVE_MEMORY_H
| #  include <memory.h>
| # endif
| # include <string.h>
| #endif
| #ifdef HAVE_STRINGS_H
| # include <strings.h>
| #endif
| #ifdef HAVE_INTTYPES_H
| # include <inttypes.h>
| #endif
| #ifdef HAVE_STDINT_H
| # include <stdint.h>
| #endif
| #ifdef HAVE_UNISTD_H
| # include <unistd.h>
| #endif
| int
| main ()
| {
| if (sizeof ((size_t)))
| 	    return 0;
|   ;
|   return 0;
| }
configure:4712: result: yes
configure:4723: checking for ssize_t
configure:4723: gcc -c -g -O2  -D_GNU_SOURCE -I/usr/include -I/usr/include conftest.c >&5
configure:4723: $? = 0
configure:4723: gcc -c -g -O2  -D_GNU_SOURCE -I/usr/include -I/usr/include conftest.c >&5
conftest.c: In function 'main':
conftest.c:65:22: error: expected expression before ')' token
 if (sizeof ((ssize_t)))
                      ^
configure:4723: $? = 1
configure: failed program was:
| /* confdefs.h */
| #define PACKAGE_NAME "chan_dongle"
| #define PACKAGE_TARNAME "chan_dongle"
| #define PACKAGE_VERSION "1.1"
| #define PACKAGE_STRING "chan_dongle 1.1"
| #define PACKAGE_BUGREPORT "http://code.google.com/p/asterisk-chan-dongle/issues/list"
| #define PACKAGE_URL "http://code.google.com/p/asterisk-chan-dongle"
| #define PACKAGE "chan_dongle"
| #define VERSION "1.1"
| #define STDC_HEADERS 1
| #define HAVE_SYS_TYPES_H 1
| #define HAVE_SYS_STAT_H 1
| #define HAVE_STDLIB_H 1
| #define HAVE_STRING_H 1
| #define HAVE_MEMORY_H 1
| #define HAVE_STRINGS_H 1
| #define HAVE_INTTYPES_H 1
| #define HAVE_STDINT_H 1
| #define HAVE_UNISTD_H 1
| #define HAVE_FCNTL_H 1
| #define HAVE_STDLIB_H 1
| #define HAVE_STRING_H 1
| #define HAVE_SYS_TIME_H 1
| #define HAVE_TERMIOS_H 1
| #define ICONV_CONST /**/
| #define ICONV_T iconv_t
| #define HAVE_AST_CONTROL_SRCCHANGE /**/
| /* end confdefs.h.  */
| #include <stdio.h>
| #ifdef HAVE_SYS_TYPES_H
| # include <sys/types.h>
| #endif
| #ifdef HAVE_SYS_STAT_H
| # include <sys/stat.h>
| #endif
| #ifdef STDC_HEADERS
| # include <stdlib.h>
| # include <stddef.h>
| #else
| # ifdef HAVE_STDLIB_H
| #  include <stdlib.h>
| # endif
| #endif
| #ifdef HAVE_STRING_H
| # if !defined STDC_HEADERS && defined HAVE_MEMORY_H
| #  include <memory.h>
| # endif
| # include <string.h>
| #endif
| #ifdef HAVE_STRINGS_H
| # include <strings.h>
| #endif
| #ifdef HAVE_INTTYPES_H
| # include <inttypes.h>
| #endif
| #ifdef HAVE_STDINT_H
| # include <stdint.h>
| #endif
| #ifdef HAVE_UNISTD_H
| # include <unistd.h>
| #endif
| int
| main ()
| {
| if (sizeof ((ssize_t)))
| 	    return 0;
|   ;
|   return 0;
| }
configure:4723: result: yes
configure:4734: checking for uint64_t
configure:4734: gcc -c -g -O2  -D_GNU_SOURCE -I/usr/include -I/usr/include conftest.c >&5
configure:4734: $? = 0
configure:4734: result: yes
configure:4755: checking whether CC supports -fvisibility=hidden
configure:4768: gcc -c -fvisibility=hidden  -D_GNU_SOURCE -I/usr/include -I/usr/include conftest.c >&5
configure:4768: $? = 0
configure:4769: result: yes
configure:4786: checking whether CC supports -fPIC
configure:4799: gcc -c -fPIC  -D_GNU_SOURCE -I/usr/include -I/usr/include conftest.c >&5
configure:4799: $? = 0
configure:4800: result: yes
configure:4814: checking whether CC supports -Wall
configure:4827: gcc -c -Wall  -D_GNU_SOURCE -I/usr/include -I/usr/include conftest.c >&5
configure:4827: $? = 0
configure:4828: result: yes
configure:4842: checking whether CC supports -Wextra
configure:4855: gcc -c -Wextra  -D_GNU_SOURCE -I/usr/include -I/usr/include conftest.c >&5
configure:4855: $? = 0
configure:4856: result: yes
configure:4870: checking whether CC supports -MD -MT conftest.o -MF /dev/null -MP
configure:4883: gcc -c -MD -MT conftest.o -MF /dev/null -MP  -D_GNU_SOURCE -I/usr/include -I/usr/include conftest.c >&5
configure:4883: $? = 0
configure:4884: result: yes
configure:4901: checking whether DESTDIR is /usr/lib/asterisk/modules
configure:4904: result: yes
configure:4920: checking for working memcmp
configure:4963: gcc -o conftest -g -O2  -D_GNU_SOURCE -I/usr/include -I/usr/include  conftest.c  >&5
configure:4963: $? = 0
configure:4963: ./conftest
configure:4963: $? = 0
configure:4973: result: yes
configure:4985: checking for memchr
configure:4985: gcc -o conftest -g -O2  -D_GNU_SOURCE -I/usr/include -I/usr/include  conftest.c  >&5
conftest.c:52:6: warning: conflicting types for built-in function 'memchr' [enabled by default]
 char memchr ();
      ^
configure:4985: $? = 0
configure:4985: result: yes
configure:4985: checking for memmove
configure:4985: gcc -o conftest -g -O2  -D_GNU_SOURCE -I/usr/include -I/usr/include  conftest.c  >&5
conftest.c:53:6: warning: conflicting types for built-in function 'memmove' [enabled by default]
 char memmove ();
      ^
configure:4985: $? = 0
configure:4985: result: yes
configure:4985: checking for memset
configure:4985: gcc -o conftest -g -O2  -D_GNU_SOURCE -I/usr/include -I/usr/include  conftest.c  >&5
conftest.c:54:6: warning: conflicting types for built-in function 'memset' [enabled by default]
 char memset ();
      ^
configure:4985: $? = 0
configure:4985: result: yes
configure:4985: checking for memmem
configure:4985: gcc -o conftest -g -O2  -D_GNU_SOURCE -I/usr/include -I/usr/include  conftest.c  >&5
configure:4985: $? = 0
configure:4985: result: yes
configure:4985: checking for strcasecmp
configure:4985: gcc -o conftest -g -O2  -D_GNU_SOURCE -I/usr/include -I/usr/include  conftest.c  >&5
conftest.c:56:6: warning: conflicting types for built-in function 'strcasecmp' [enabled by default]
 char strcasecmp ();
      ^
configure:4985: $? = 0
configure:4985: result: yes
configure:4985: checking for strchr
configure:4985: gcc -o conftest -g -O2  -D_GNU_SOURCE -I/usr/include -I/usr/include  conftest.c  >&5
conftest.c:57:6: warning: conflicting types for built-in function 'strchr' [enabled by default]
 char strchr ();
      ^
configure:4985: $? = 0
configure:4985: result: yes
configure:4985: checking for strncasecmp
configure:4985: gcc -o conftest -g -O2  -D_GNU_SOURCE -I/usr/include -I/usr/include  conftest.c  >&5
conftest.c:58:6: warning: conflicting types for built-in function 'strncasecmp' [enabled by default]
 char strncasecmp ();
      ^
configure:4985: $? = 0
configure:4985: result: yes
configure:4985: checking for strtol
configure:4985: gcc -o conftest -g -O2  -D_GNU_SOURCE -I/usr/include -I/usr/include  conftest.c  >&5
configure:4985: $? = 0
configure:4985: result: yes
configure:4985: checking for realpath
configure:4985: gcc -o conftest -g -O2  -D_GNU_SOURCE -I/usr/include -I/usr/include  conftest.c  >&5
configure:4985: $? = 0
configure:4985: result: yes
configure:5182: checking that generated files are newer than configure
configure:5188: result: done
configure:5211: creating ./config.status

## ---------------------- ##
## Running config.status. ##
## ---------------------- ##

This file was extended by chan_dongle config.status 1.1, which was
generated by GNU Autoconf 2.69.  Invocation command line was

  CONFIG_FILES    = 
  CONFIG_HEADERS  = 
  CONFIG_LINKS    = 
  CONFIG_COMMANDS = 
  $ ./config.status 

on pbx

config.status:895: creating Makefile
config.status:895: creating config.h
config.status:1124: executing depfiles commands

## ---------------- ##
## Cache variables. ##
## ---------------- ##

ac_cv_build=i686-pc-linux-gnu
ac_cv_c_compiler_gnu=yes
ac_cv_c_const=yes
ac_cv_c_inline=inline
ac_cv_c_uint64_t=yes
ac_cv_env_CC_set=
ac_cv_env_CC_value=
ac_cv_env_CFLAGS_set=
ac_cv_env_CFLAGS_value=
ac_cv_env_CPPFLAGS_set=
ac_cv_env_CPPFLAGS_value=
ac_cv_env_CPP_set=
ac_cv_env_CPP_value=
ac_cv_env_LDFLAGS_set=
ac_cv_env_LDFLAGS_value=
ac_cv_env_LIBS_set=
ac_cv_env_LIBS_value=
ac_cv_env_build_alias_set=
ac_cv_env_build_alias_value=
ac_cv_env_host_alias_set=
ac_cv_env_host_alias_value=
ac_cv_env_target_alias_set=
ac_cv_env_target_alias_value=
ac_cv_func_memchr=yes
ac_cv_func_memcmp_working=yes
ac_cv_func_memmem=yes
ac_cv_func_memmove=yes
ac_cv_func_memset=yes
ac_cv_func_realpath=yes
ac_cv_func_strcasecmp=yes
ac_cv_func_strchr=yes
ac_cv_func_strncasecmp=yes
ac_cv_func_strtol=yes
ac_cv_header_asterisk_h=yes
ac_cv_header_fcntl_h=yes
ac_cv_header_iconv_h=yes
ac_cv_header_inttypes_h=yes
ac_cv_header_memory_h=yes
ac_cv_header_stdc=yes
ac_cv_header_stdint_h=yes
ac_cv_header_stdlib_h=yes
ac_cv_header_string_h=yes
ac_cv_header_strings_h=yes
ac_cv_header_sys_stat_h=yes
ac_cv_header_sys_time_h=yes
ac_cv_header_sys_types_h=yes
ac_cv_header_termios_h=yes
ac_cv_header_unistd_h=yes
ac_cv_host=i686-pc-linux-gnu
ac_cv_objext=o
ac_cv_path_EGREP='/bin/grep -E'
ac_cv_path_GREP=/bin/grep
ac_cv_path_install='/usr/bin/install -c'
ac_cv_path_mkdir=/bin/mkdir
ac_cv_prog_AWK=mawk
ac_cv_prog_CPP='gcc -E'
ac_cv_prog_RM=rm
ac_cv_prog_STRIP=strip
ac_cv_prog_ac_ct_CC=gcc
ac_cv_prog_cc_c89=
ac_cv_prog_cc_g=yes
ac_cv_prog_make_make_set=yes
ac_cv_search_iconv='none required'
ac_cv_target=i686-pc-linux-gnu
ac_cv_type_size_t=yes
ac_cv_type_ssize_t=yes
am_cv_CC_dependencies_compiler_type=none
am_cv_make_support_nested_variables=yes
am_cv_prog_cc_c_o=yes

## ----------------- ##
## Output variables. ##
## ----------------- ##

ACLOCAL='${SHELL} /usr/src/asterisk-chan-dongle/missing aclocal-1.14'
AC_CFLAGS=' -fvisibility=hidden -fPIC -Wall -Wextra -MD -MT $@ -MF .$(subst /,_,$@).d -MP'
AMDEPBACKSLASH='\'
AMDEP_FALSE='#'
AMDEP_TRUE=''
AMTAR='$${TAR-tar}'
AM_BACKSLASH='\'
AM_DEFAULT_V='$(AM_DEFAULT_VERBOSITY)'
AM_DEFAULT_VERBOSITY='1'
AM_V='$(V)'
AUTOCONF='${SHELL} /usr/src/asterisk-chan-dongle/missing autoconf'
AUTOHEADER='${SHELL} /usr/src/asterisk-chan-dongle/missing autoheader'
AUTOMAKE='${SHELL} /usr/src/asterisk-chan-dongle/missing automake-1.14'
AWK='mawk'
CC='gcc'
CCDEPMODE='depmode=none'
CFLAGS='-g -O2 -O6'
CPP='gcc -E'
CPPFLAGS=' -D_GNU_SOURCE -I/usr/include -I/usr/include'
CYGPATH_W='echo'
DEFS='-DHAVE_CONFIG_H'
DEPDIR='.deps'
DESTDIR='/usr/lib/asterisk/modules'
ECHO_C=''
ECHO_N='-n'
ECHO_T=''
EGREP='/bin/grep -E'
EXEEXT=''
GREP='/bin/grep'
INSTALL_DATA='${INSTALL} -m 644'
INSTALL_PROGRAM='${INSTALL}'
INSTALL_SCRIPT='${INSTALL}'
INSTALL_STRIP_PROGRAM='$(install_sh) -c -s'
LDFLAGS=' '
LIBOBJS=''
LIBS=''
LTLIBOBJS=''
MAKEINFO='${SHELL} /usr/src/asterisk-chan-dongle/missing makeinfo'
MKDIR_P='/bin/mkdir -p'
OBJEXT='o'
PACKAGE='chan_dongle'
PACKAGE_BUGREPORT='http://code.google.com/p/asterisk-chan-dongle/issues/list'
PACKAGE_NAME='chan_dongle'
PACKAGE_REVISION='34'
PACKAGE_STRING='chan_dongle 1.1'
PACKAGE_TARNAME='chan_dongle'
PACKAGE_URL='http://code.google.com/p/asterisk-chan-dongle'
PACKAGE_VERSION='1.1'
PATH_SEPARATOR=':'
RM='rm'
SET_MAKE=''
SHELL='/bin/bash'
SOLINK='-shared -Xlinker -x'
STRIP='strip'
TARGET='chan_dongle.so'
VERSION='1.1'
ac_ct_CC='gcc'
am__EXEEXT_FALSE=''
am__EXEEXT_TRUE='#'
am__fastdepCC_FALSE=''
am__fastdepCC_TRUE='#'
am__include='include'
am__isrc=''
am__leading_dot='.'
am__nodep='_no'
am__quote=''
am__tar='$${TAR-tar} chof - "$$tardir"'
am__untar='$${TAR-tar} xf -'
bindir='${exec_prefix}/bin'
build='i686-pc-linux-gnu'
build_alias=''
build_cpu='i686'
build_os='linux-gnu'
build_vendor='pc'
datadir='${datarootdir}'
datarootdir='${prefix}/share'
docdir='${datarootdir}/doc/${PACKAGE_TARNAME}'
dvidir='${docdir}'
exec_prefix='${prefix}'
host='i686-pc-linux-gnu'
host_alias=''
host_cpu='i686'
host_os='linux-gnu'
host_vendor='pc'
htmldir='${docdir}'
includedir='${prefix}/include'
infodir='${datarootdir}/info'
install_sh='${SHELL} /usr/src/asterisk-chan-dongle/install-sh'
libdir='${exec_prefix}/lib'
libexecdir='${exec_prefix}/libexec'
localedir='${datarootdir}/locale'
localstatedir='${prefix}/var'
mandir='${datarootdir}/man'
mkdir_p='$(MKDIR_P)'
oldincludedir='/usr/include'
pdfdir='${docdir}'
prefix='/usr/local'
program_transform_name='s,x,x,'
psdir='${docdir}'
sbindir='${exec_prefix}/sbin'
sharedstatedir='${prefix}/com'
sysconfdir='${prefix}/etc'
target='i686-pc-linux-gnu'
target_alias=''
target_cpu='i686'
target_os='linux-gnu'
target_vendor='pc'

## ----------- ##
## confdefs.h. ##
## ----------- ##

/* confdefs.h */
#define PACKAGE_NAME "chan_dongle"
#define PACKAGE_TARNAME "chan_dongle"
#define PACKAGE_VERSION "1.1"
#define PACKAGE_STRING "chan_dongle 1.1"
#define PACKAGE_BUGREPORT "http://code.google.com/p/asterisk-chan-dongle/issues/list"
#define PACKAGE_URL "http://code.google.com/p/asterisk-chan-dongle"
#define PACKAGE "chan_dongle"
#define VERSION "1.1"
#define STDC_HEADERS 1
#define HAVE_SYS_TYPES_H 1
#define HAVE_SYS_STAT_H 1
#define HAVE_STDLIB_H 1
#define HAVE_STRING_H 1
#define HAVE_MEMORY_H 1
#define HAVE_STRINGS_H 1
#define HAVE_INTTYPES_H 1
#define HAVE_STDINT_H 1
#define HAVE_UNISTD_H 1
#define HAVE_FCNTL_H 1
#define HAVE_STDLIB_H 1
#define HAVE_STRING_H 1
#define HAVE_SYS_TIME_H 1
#define HAVE_TERMIOS_H 1
#define ICONV_CONST /**/
#define ICONV_T iconv_t
#define HAVE_AST_CONTROL_SRCCHANGE /**/
#define HAVE_MEMCHR 1
#define HAVE_MEMMOVE 1
#define HAVE_MEMSET 1
#define HAVE_MEMMEM 1
#define HAVE_STRCASECMP 1
#define HAVE_STRCHR 1
#define HAVE_STRNCASECMP 1
#define HAVE_STRTOL 1
#define HAVE_REALPATH 1
#define BUILD_MANAGER 1
#define BUILD_APPLICATIONS 1
#define MODULE_BUGREPORT "http://code.google.com/p/asterisk-chan-dongle/issues/list"
#define MODULE_URL "http://code.google.com/p/asterisk-chan-dongle"
#define MODULE_VERSION "1.1"
#define AST_MODULE "chan_dongle"
#define PACKAGE_REVISION "34"

configure: exit 0

## ---------------------- ##
## Running config.status. ##
## ---------------------- ##

This file was extended by chan_dongle config.status 1.1, which was
generated by GNU Autoconf 2.69.  Invocation command line was

  CONFIG_FILES    = 
  CONFIG_HEADERS  = 
  CONFIG_LINKS    = 
  CONFIG_COMMANDS = 
  $ ./config.status 

on pbx

config.status:895: creating Makefile
config.status:895: creating config.h
config.status:1076: config.h is unchanged
config.status:1124: executing depfiles commands

## ---------------------- ##
## Running config.status. ##
## ---------------------- ##

This file was extended by chan_dongle config.status 1.1, which was
generated by GNU Autoconf 2.69.  Invocation command line was

  CONFIG_FILES    = 
  CONFIG_HEADERS  = 
  CONFIG_LINKS    = 
  CONFIG_COMMANDS = 
  $ ./config.status 

on pbx

config.status:895: creating Makefile
config.status:895: creating config.h
config.status:1076: config.h is unchanged
config.status:1124: executing depfiles commands

## ---------------------- ##
## Running config.status. ##
## ---------------------- ##

This file was extended by chan_dongle config.status 1.1, which was
generated by GNU Autoconf 2.69.  Invocation command line was

  CONFIG_FILES    = 
  CONFIG_HEADERS  = 
  CONFIG_LINKS    = 
  CONFIG_COMMANDS = 
  $ ./config.status 

on pbx

config.status:895: creating Makefile
config.status:895: creating config.h
config.status:1076: config.h is unchanged
config.status:1124: executing depfiles commands

## ---------------------- ##
## Running config.status. ##
## ---------------------- ##

This file was extended by chan_dongle config.status 1.1, which was
generated by GNU Autoconf 2.69.  Invocation command line was

  CONFIG_FILES    = 
  CONFIG_HEADERS  = 
  CONFIG_LINKS    = 
  CONFIG_COMMANDS = 
  $ ./config.status 

on pbx

config.status:895: creating Makefile
config.status:895: creating config.h
config.status:1076: config.h is unchanged
config.status:1124: executing depfiles commands
